
*** Running vivado
    with args -log SingleCPU.vds -m64 -mode batch -messageDb vivado.pb -notrace -source SingleCPU.tcl


****** Vivado v2015.3 (64-bit)
  **** SW Build 1368829 on Mon Sep 28 20:06:43 MDT 2015
  **** IP Build 1367837 on Mon Sep 28 08:56:14 MDT 2015
    ** Copyright 1986-2015 Xilinx, Inc. All Rights Reserved.

source SingleCPU.tcl -notrace
Command: synth_design -top SingleCPU -part xc7a35tcpg236-1
Starting synth_design
Attempting to get a license for feature 'Synthesis' and/or device 'xc7a35t'
INFO: [Common 17-349] Got license for feature 'Synthesis' and/or device 'xc7a35t'
---------------------------------------------------------------------------------
Starting RTL Elaboration : Time (s): cpu = 00:00:07 ; elapsed = 00:00:09 . Memory (MB): peak = 287.836 ; gain = 115.813
---------------------------------------------------------------------------------
INFO: [Synth 8-638] synthesizing module 'SingleCPU' [D:/vivado/Single_CPU_3/Single_CPU_3.srcs/sources_1/new/SingleCPU.v:23]
INFO: [Synth 8-638] synthesizing module 'PC' [D:/vivado/Single_CPU_3/Single_CPU_3.srcs/sources_1/new/PC.v:23]
INFO: [Synth 8-256] done synthesizing module 'PC' (1#1) [D:/vivado/Single_CPU_3/Single_CPU_3.srcs/sources_1/new/PC.v:23]
INFO: [Synth 8-638] synthesizing module 'insMEN' [D:/vivado/Single_CPU_3/Single_CPU_3.srcs/sources_1/new/insmemory.v:23]
INFO: [Synth 8-256] done synthesizing module 'insMEN' (2#1) [D:/vivado/Single_CPU_3/Single_CPU_3.srcs/sources_1/new/insmemory.v:23]
INFO: [Synth 8-638] synthesizing module 'regFILE' [D:/vivado/Single_CPU_3/Single_CPU_3.srcs/sources_1/new/regFILE.v:23]
INFO: [Synth 8-256] done synthesizing module 'regFILE' (3#1) [D:/vivado/Single_CPU_3/Single_CPU_3.srcs/sources_1/new/regFILE.v:23]
INFO: [Synth 8-638] synthesizing module 'ControlUnit1' [D:/vivado/Single_CPU_3/Single_CPU_3.srcs/sources_1/new/ControlUnit1.v:23]
INFO: [Synth 8-155] case statement is not full and has no default [D:/vivado/Single_CPU_3/Single_CPU_3.srcs/sources_1/new/ControlUnit1.v:61]
WARNING: [Synth 8-567] referenced signal 'sign' should be on the sensitivity list [D:/vivado/Single_CPU_3/Single_CPU_3.srcs/sources_1/new/ControlUnit1.v:59]
INFO: [Synth 8-256] done synthesizing module 'ControlUnit1' (4#1) [D:/vivado/Single_CPU_3/Single_CPU_3.srcs/sources_1/new/ControlUnit1.v:23]
INFO: [Synth 8-638] synthesizing module 'ALU' [D:/vivado/Single_CPU_3/Single_CPU_3.srcs/sources_1/new/ALU.v:23]
INFO: [Synth 8-256] done synthesizing module 'ALU' (5#1) [D:/vivado/Single_CPU_3/Single_CPU_3.srcs/sources_1/new/ALU.v:23]
INFO: [Synth 8-638] synthesizing module 'signZE' [D:/vivado/Single_CPU_3/Single_CPU_3.srcs/sources_1/new/signZE.v:23]
INFO: [Synth 8-256] done synthesizing module 'signZE' (6#1) [D:/vivado/Single_CPU_3/Single_CPU_3.srcs/sources_1/new/signZE.v:23]
INFO: [Synth 8-638] synthesizing module 'Datamemory' [D:/vivado/Single_CPU_3/Single_CPU_3.srcs/sources_1/new/Datamemory.v:23]
WARNING: [Synth 8-4767] Trying to implement RAM 'ram_reg' in registers. Block RAM or DRAM implementation is not possible; see log for reasons.
Reason is one or more of the following :
	1: RAM has multiple writes via different ports in same process. If RAM inferencing intended, write to one port per process. 
	2: Unable to determine number of words or word size in RAM. 
RAM "ram_reg" dissolved into registers
INFO: [Synth 8-256] done synthesizing module 'Datamemory' (7#1) [D:/vivado/Single_CPU_3/Single_CPU_3.srcs/sources_1/new/Datamemory.v:23]
INFO: [Synth 8-638] synthesizing module 'MUL5' [D:/vivado/Single_CPU_3/Single_CPU_3.srcs/sources_1/new/MUL5.v:1]
INFO: [Synth 8-256] done synthesizing module 'MUL5' (8#1) [D:/vivado/Single_CPU_3/Single_CPU_3.srcs/sources_1/new/MUL5.v:1]
INFO: [Synth 8-638] synthesizing module 'MUL32' [D:/vivado/Single_CPU_3/Single_CPU_3.srcs/sources_1/new/MUL32.v:23]
INFO: [Synth 8-256] done synthesizing module 'MUL32' (9#1) [D:/vivado/Single_CPU_3/Single_CPU_3.srcs/sources_1/new/MUL32.v:23]
INFO: [Synth 8-638] synthesizing module 'ChsePC' [D:/vivado/Single_CPU_3/Single_CPU_3.srcs/sources_1/new/ChsePC.v:23]
INFO: [Synth 8-256] done synthesizing module 'ChsePC' (10#1) [D:/vivado/Single_CPU_3/Single_CPU_3.srcs/sources_1/new/ChsePC.v:23]
INFO: [Synth 8-638] synthesizing module 'clock_div' [D:/vivado/Single_CPU_3/Single_CPU_3.srcs/sources_1/new/clock_div.v:3]
INFO: [Synth 8-256] done synthesizing module 'clock_div' (11#1) [D:/vivado/Single_CPU_3/Single_CPU_3.srcs/sources_1/new/clock_div.v:3]
INFO: [Synth 8-638] synthesizing module 'shaomiao' [D:/vivado/Single_CPU_3/Single_CPU_3.srcs/sources_1/new/shaomiao.v:23]
INFO: [Synth 8-256] done synthesizing module 'shaomiao' (12#1) [D:/vivado/Single_CPU_3/Single_CPU_3.srcs/sources_1/new/shaomiao.v:23]
INFO: [Synth 8-638] synthesizing module 'showwhat' [D:/vivado/Single_CPU_3/Single_CPU_3.srcs/sources_1/new/showwhat.v:23]
WARNING: [Synth 8-567] referenced signal 'addr' should be on the sensitivity list [D:/vivado/Single_CPU_3/Single_CPU_3.srcs/sources_1/new/showwhat.v:43]
WARNING: [Synth 8-567] referenced signal 'newaddr' should be on the sensitivity list [D:/vivado/Single_CPU_3/Single_CPU_3.srcs/sources_1/new/showwhat.v:43]
WARNING: [Synth 8-567] referenced signal 'rsaddr' should be on the sensitivity list [D:/vivado/Single_CPU_3/Single_CPU_3.srcs/sources_1/new/showwhat.v:43]
WARNING: [Synth 8-567] referenced signal 'rsdata' should be on the sensitivity list [D:/vivado/Single_CPU_3/Single_CPU_3.srcs/sources_1/new/showwhat.v:43]
WARNING: [Synth 8-567] referenced signal 'rtaddr' should be on the sensitivity list [D:/vivado/Single_CPU_3/Single_CPU_3.srcs/sources_1/new/showwhat.v:43]
WARNING: [Synth 8-567] referenced signal 'rtdata' should be on the sensitivity list [D:/vivado/Single_CPU_3/Single_CPU_3.srcs/sources_1/new/showwhat.v:43]
WARNING: [Synth 8-567] referenced signal 'result' should be on the sensitivity list [D:/vivado/Single_CPU_3/Single_CPU_3.srcs/sources_1/new/showwhat.v:43]
WARNING: [Synth 8-567] referenced signal 'DB' should be on the sensitivity list [D:/vivado/Single_CPU_3/Single_CPU_3.srcs/sources_1/new/showwhat.v:43]
INFO: [Synth 8-256] done synthesizing module 'showwhat' (13#1) [D:/vivado/Single_CPU_3/Single_CPU_3.srcs/sources_1/new/showwhat.v:23]
INFO: [Synth 8-638] synthesizing module 'SegLED7' [D:/vivado/Single_CPU_3/Single_CPU_3.srcs/sources_1/new/SegLED7.v:21]
INFO: [Synth 8-226] default block is never used [D:/vivado/Single_CPU_3/Single_CPU_3.srcs/sources_1/new/SegLED7.v:26]
INFO: [Synth 8-256] done synthesizing module 'SegLED7' (14#1) [D:/vivado/Single_CPU_3/Single_CPU_3.srcs/sources_1/new/SegLED7.v:21]
INFO: [Synth 8-638] synthesizing module 'fnshow' [D:/vivado/Single_CPU_3/Single_CPU_3.srcs/sources_1/new/fnshow.v:23]
INFO: [Synth 8-155] case statement is not full and has no default [D:/vivado/Single_CPU_3/Single_CPU_3.srcs/sources_1/new/fnshow.v:38]
WARNING: [Synth 8-567] referenced signal 'display1' should be on the sensitivity list [D:/vivado/Single_CPU_3/Single_CPU_3.srcs/sources_1/new/fnshow.v:35]
WARNING: [Synth 8-567] referenced signal 'display2' should be on the sensitivity list [D:/vivado/Single_CPU_3/Single_CPU_3.srcs/sources_1/new/fnshow.v:35]
WARNING: [Synth 8-567] referenced signal 'display3' should be on the sensitivity list [D:/vivado/Single_CPU_3/Single_CPU_3.srcs/sources_1/new/fnshow.v:35]
WARNING: [Synth 8-567] referenced signal 'display4' should be on the sensitivity list [D:/vivado/Single_CPU_3/Single_CPU_3.srcs/sources_1/new/fnshow.v:35]
INFO: [Synth 8-256] done synthesizing module 'fnshow' (15#1) [D:/vivado/Single_CPU_3/Single_CPU_3.srcs/sources_1/new/fnshow.v:23]
INFO: [Synth 8-256] done synthesizing module 'SingleCPU' (16#1) [D:/vivado/Single_CPU_3/Single_CPU_3.srcs/sources_1/new/SingleCPU.v:23]
---------------------------------------------------------------------------------
Finished RTL Elaboration : Time (s): cpu = 00:00:08 ; elapsed = 00:00:11 . Memory (MB): peak = 327.922 ; gain = 155.898
---------------------------------------------------------------------------------

Report Check Netlist: 
+------+------------------+-------+---------+-------+------------------+
|      |Item              |Errors |Warnings |Status |Description       |
+------+------------------+-------+---------+-------+------------------+
|1     |multi_driven_nets |      0|        0|Passed |Multi driven nets |
+------+------------------+-------+---------+-------+------------------+
---------------------------------------------------------------------------------
Finished RTL Optimization Phase 1 : Time (s): cpu = 00:00:08 ; elapsed = 00:00:11 . Memory (MB): peak = 327.922 ; gain = 155.898
---------------------------------------------------------------------------------
INFO: [Device 21-403] Loading part xc7a35tcpg236-1
INFO: [Project 1-570] Preparing netlist for logic optimization

Processing XDC Constraints
Initializing timing engine
Parsing XDC File [D:/vivado/Single_CPU_3/Single_CPU_3.srcs/constrs_1/new/CPU_IO.xdc]
Finished Parsing XDC File [D:/vivado/Single_CPU_3/Single_CPU_3.srcs/constrs_1/new/CPU_IO.xdc]
INFO: [Project 1-236] Implementation specific constraints were found while reading constraint file [D:/vivado/Single_CPU_3/Single_CPU_3.srcs/constrs_1/new/CPU_IO.xdc]. These constraints will be ignored for synthesis but will be used in implementation. Impacted constraints are listed in the file [.Xil/SingleCPU_propImpl.xdc].
Resolution: To avoid this warning, move constraints listed in [.Xil/SingleCPU_propImpl.xdc] to another XDC file and exclude this new file from synthesis with the used_in_synthesis property (File Properties dialog in GUI) and re-run elaboration/synthesis.
Completed Processing XDC Constraints

INFO: [Project 1-111] Unisim Transformation Summary:
No Unisim elements were transformed.

Constraint Validation Runtime : Time (s): cpu = 00:00:00 ; elapsed = 00:00:00.003 . Memory (MB): peak = 612.594 ; gain = 0.000
---------------------------------------------------------------------------------
Finished Constraint Validation : Time (s): cpu = 00:00:17 ; elapsed = 00:00:21 . Memory (MB): peak = 612.594 ; gain = 440.570
---------------------------------------------------------------------------------
---------------------------------------------------------------------------------
Start Loading Part and Timing Information
---------------------------------------------------------------------------------
Loading part: xc7a35tcpg236-1
---------------------------------------------------------------------------------
Finished Loading Part and Timing Information : Time (s): cpu = 00:00:17 ; elapsed = 00:00:21 . Memory (MB): peak = 612.594 ; gain = 440.570
---------------------------------------------------------------------------------
---------------------------------------------------------------------------------
Start Applying 'set_property' XDC Constraints
---------------------------------------------------------------------------------
---------------------------------------------------------------------------------
Finished applying 'set_property' XDC Constraints : Time (s): cpu = 00:00:17 ; elapsed = 00:00:21 . Memory (MB): peak = 612.594 ; gain = 440.570
---------------------------------------------------------------------------------
INFO: [Synth 8-5546] ROM "Exsel" won't be mapped to RAM because it is too sparse
INFO: [Synth 8-5544] ROM "DISplay" won't be mapped to Block RAM because address size (4) smaller than threshold (5)
WARNING: [Synth 8-327] inferring latch for variable 'Exsel_reg' [D:/vivado/Single_CPU_3/Single_CPU_3.srcs/sources_1/new/ControlUnit1.v:64]
WARNING: [Synth 8-327] inferring latch for variable 'PCwre_reg' [D:/vivado/Single_CPU_3/Single_CPU_3.srcs/sources_1/new/ControlUnit1.v:65]
WARNING: [Synth 8-327] inferring latch for variable 'InsmenRW_reg' [D:/vivado/Single_CPU_3/Single_CPU_3.srcs/sources_1/new/ControlUnit1.v:66]
WARNING: [Synth 8-327] inferring latch for variable 'Regdst_reg' [D:/vivado/Single_CPU_3/Single_CPU_3.srcs/sources_1/new/ControlUnit1.v:67]
WARNING: [Synth 8-327] inferring latch for variable 'Regwre_reg' [D:/vivado/Single_CPU_3/Single_CPU_3.srcs/sources_1/new/ControlUnit1.v:68]
WARNING: [Synth 8-327] inferring latch for variable 'ALUop_reg' [D:/vivado/Single_CPU_3/Single_CPU_3.srcs/sources_1/new/ControlUnit1.v:69]
WARNING: [Synth 8-327] inferring latch for variable 'SrcA_reg' [D:/vivado/Single_CPU_3/Single_CPU_3.srcs/sources_1/new/ControlUnit1.v:70]
WARNING: [Synth 8-327] inferring latch for variable 'SrcB_reg' [D:/vivado/Single_CPU_3/Single_CPU_3.srcs/sources_1/new/ControlUnit1.v:71]
WARNING: [Synth 8-327] inferring latch for variable 'PCsrc_reg' [D:/vivado/Single_CPU_3/Single_CPU_3.srcs/sources_1/new/ControlUnit1.v:72]
WARNING: [Synth 8-327] inferring latch for variable 'RD_reg' [D:/vivado/Single_CPU_3/Single_CPU_3.srcs/sources_1/new/ControlUnit1.v:73]
WARNING: [Synth 8-327] inferring latch for variable 'WR_reg' [D:/vivado/Single_CPU_3/Single_CPU_3.srcs/sources_1/new/ControlUnit1.v:74]
WARNING: [Synth 8-327] inferring latch for variable 'Datasrc_reg' [D:/vivado/Single_CPU_3/Single_CPU_3.srcs/sources_1/new/ControlUnit1.v:75]
WARNING: [Synth 8-327] inferring latch for variable 'show1_reg' [D:/vivado/Single_CPU_3/Single_CPU_3.srcs/sources_1/new/showwhat.v:48]
WARNING: [Synth 8-327] inferring latch for variable 'show2_reg' [D:/vivado/Single_CPU_3/Single_CPU_3.srcs/sources_1/new/showwhat.v:49]
WARNING: [Synth 8-327] inferring latch for variable 'DISplay_reg' [D:/vivado/Single_CPU_3/Single_CPU_3.srcs/sources_1/new/fnshow.v:39]
---------------------------------------------------------------------------------
Finished RTL Optimization Phase 2 : Time (s): cpu = 00:00:19 ; elapsed = 00:00:23 . Memory (MB): peak = 612.594 ; gain = 440.570
---------------------------------------------------------------------------------

Report RTL Partitions: 
+-+--------------+------------+----------+
| |RTL Partition |Replication |Instances |
+-+--------------+------------+----------+
+-+--------------+------------+----------+
---------------------------------------------------------------------------------
Start RTL Component Statistics 
---------------------------------------------------------------------------------
Detailed RTL Component Info : 
+---Adders : 
	   2 Input     32 Bit       Adders := 6     
	   3 Input     32 Bit       Adders := 1     
	   2 Input      6 Bit       Adders := 3     
+---XORs : 
	   2 Input     32 Bit         XORs := 1     
+---Registers : 
	               32 Bit    Registers := 1     
	                1 Bit    Registers := 1     
+---RAMs : 
	             1024 Bit         RAMs := 1     
+---Muxes : 
	   2 Input     32 Bit        Muxes := 5     
	   2 Input     16 Bit        Muxes := 1     
	   2 Input      8 Bit        Muxes := 189   
	  16 Input      8 Bit        Muxes := 4     
	   5 Input      8 Bit        Muxes := 1     
	   2 Input      5 Bit        Muxes := 1     
	  16 Input      3 Bit        Muxes := 1     
	  16 Input      2 Bit        Muxes := 1     
	   5 Input      2 Bit        Muxes := 1     
	  16 Input      1 Bit        Muxes := 10    
	   2 Input      1 Bit        Muxes := 4     
	   5 Input      1 Bit        Muxes := 62    
---------------------------------------------------------------------------------
Finished RTL Component Statistics 
---------------------------------------------------------------------------------
---------------------------------------------------------------------------------
Start RTL Hierarchical Component Statistics 
---------------------------------------------------------------------------------
Hierarchical RTL Component report 
Module SingleCPU 
Detailed RTL Component Info : 
+---Adders : 
	   2 Input     32 Bit       Adders := 2     
Module PC 
Detailed RTL Component Info : 
+---Registers : 
	               32 Bit    Registers := 1     
Module insMEN 
Detailed RTL Component Info : 
+---Adders : 
	   2 Input     32 Bit       Adders := 3     
Module regFILE 
Detailed RTL Component Info : 
+---RAMs : 
	             1024 Bit         RAMs := 1     
Module ControlUnit1 
Detailed RTL Component Info : 
+---Muxes : 
	  16 Input      3 Bit        Muxes := 1     
	  16 Input      2 Bit        Muxes := 1     
	  16 Input      1 Bit        Muxes := 10    
Module ALU 
Detailed RTL Component Info : 
+---Adders : 
	   2 Input     32 Bit       Adders := 1     
	   3 Input     32 Bit       Adders := 1     
+---XORs : 
	   2 Input     32 Bit         XORs := 1     
+---Muxes : 
	   2 Input      1 Bit        Muxes := 1     
Module signZE 
Detailed RTL Component Info : 
+---Muxes : 
	   2 Input     16 Bit        Muxes := 1     
Module Datamemory 
Detailed RTL Component Info : 
+---Adders : 
	   2 Input      6 Bit       Adders := 3     
+---Muxes : 
	   2 Input      8 Bit        Muxes := 183   
	   5 Input      1 Bit        Muxes := 61    
Module MUL5 
Detailed RTL Component Info : 
+---Muxes : 
	   2 Input      5 Bit        Muxes := 1     
Module MUL32 
Detailed RTL Component Info : 
+---Muxes : 
	   2 Input     32 Bit        Muxes := 1     
Module ChsePC 
Detailed RTL Component Info : 
+---Muxes : 
	   2 Input     32 Bit        Muxes := 2     
Module clock_div 
Detailed RTL Component Info : 
+---Registers : 
	                1 Bit    Registers := 1     
Module showwhat 
Detailed RTL Component Info : 
+---Muxes : 
	   2 Input      8 Bit        Muxes := 6     
	   2 Input      1 Bit        Muxes := 3     
Module SegLED7 
Detailed RTL Component Info : 
+---Muxes : 
	  16 Input      8 Bit        Muxes := 1     
Module fnshow 
Detailed RTL Component Info : 
+---Muxes : 
	   5 Input      8 Bit        Muxes := 1     
	   5 Input      2 Bit        Muxes := 1     
	   5 Input      1 Bit        Muxes := 1     
---------------------------------------------------------------------------------
Finished RTL Hierarchical Component Statistics
---------------------------------------------------------------------------------
---------------------------------------------------------------------------------
Start Part Resource Summary
---------------------------------------------------------------------------------
Part Resources:
DSPs: 90 (col length:60)
BRAMs: 100 (col length: RAMB18 60 RAMB36 30)
---------------------------------------------------------------------------------
Finished Part Resource Summary
---------------------------------------------------------------------------------
Start Parallel Synthesis Optimization  : Time (s): cpu = 00:00:20 ; elapsed = 00:00:23 . Memory (MB): peak = 612.594 ; gain = 440.570
---------------------------------------------------------------------------------
Start Cross Boundary Optimization
---------------------------------------------------------------------------------
---------------------------------------------------------------------------------
Finished Cross Boundary Optimization : Time (s): cpu = 00:00:23 ; elapsed = 00:00:26 . Memory (MB): peak = 612.594 ; gain = 440.570
---------------------------------------------------------------------------------
Finished Parallel Reinference  : Time (s): cpu = 00:00:23 ; elapsed = 00:00:26 . Memory (MB): peak = 612.594 ; gain = 440.570

Report RTL Partitions: 
+-+--------------+------------+----------+
| |RTL Partition |Replication |Instances |
+-+--------------+------------+----------+
+-+--------------+------------+----------+
---------------------------------------------------------------------------------
Start ROM, RAM, DSP and Shift Register Reporting
---------------------------------------------------------------------------------

ROM:
+------------+------------+---------------+----------------+
|Module Name | RTL Object | Depth x Width | Implemented As | 
+------------+------------+---------------+----------------+
|insMEN      | rom        | 128x8         | LUT            | 
|insMEN      | rom__1     | 128x8         | LUT            | 
|insMEN      | rom__2     | 128x8         | LUT            | 
|insMEN      | rom__3     | 128x8         | LUT            | 
|SingleCPU   | rom        | 128x8         | LUT            | 
|SingleCPU   | rom__4     | 128x8         | LUT            | 
|SingleCPU   | rom__5     | 128x8         | LUT            | 
|SingleCPU   | rom__6     | 128x8         | LUT            | 
+------------+------------+---------------+----------------+


Distributed RAM: 
+------------+---------------------+-----------+----------------------+---------------+-------------------+
|Module Name | RTL Object          | Inference | Size (Depth x Width) | Primitives    | Hierarchical Name | 
+------------+---------------------+-----------+----------------------+---------------+-------------------+
|SingleCPU   | regfile/regFile_reg | Implied   | 32 x 32              | RAM32M x 12   | SingleCPU/ram__1  | 
+------------+---------------------+-----------+----------------------+---------------+-------------------+

Note: The table above shows the Distributed RAMs at the current stage of the synthesis flow. Some Distributed RAMs may be reimplemented as non Distributed RAM primitives later in the synthesis flow. Multiple instantiated RAMs are reported only once. "Hierarchical Name" reflects the Distributed RAM name as it appears in the hierarchical module and only part of it is displayed.
---------------------------------------------------------------------------------
Finished ROM, RAM, DSP and Shift Register Reporting
---------------------------------------------------------------------------------
---------------------------------------------------------------------------------
Start Area Optimization
---------------------------------------------------------------------------------
INFO: [Synth 8-3333] propagating constant 1 across sequential element (\fs/DISplay_reg[7] )
INFO: [Synth 8-3333] propagating constant 0 across sequential element (\pc/addr_reg_rep[0] )
WARNING: [Synth 8-3332] Sequential element (\cu/InsmenRW_reg ) is unused and will be removed from module SingleCPU.
WARNING: [Synth 8-3332] Sequential element (\fs/DISplay_reg[7] ) is unused and will be removed from module SingleCPU.
WARNING: [Synth 8-3332] Sequential element (\pc/addr_reg_rep[31] ) is unused and will be removed from module SingleCPU.
WARNING: [Synth 8-3332] Sequential element (\pc/addr_reg_rep[30] ) is unused and will be removed from module SingleCPU.
WARNING: [Synth 8-3332] Sequential element (\pc/addr_reg_rep[29] ) is unused and will be removed from module SingleCPU.
WARNING: [Synth 8-3332] Sequential element (\pc/addr_reg_rep[28] ) is unused and will be removed from module SingleCPU.
WARNING: [Synth 8-3332] Sequential element (\pc/addr_reg_rep[27] ) is unused and will be removed from module SingleCPU.
WARNING: [Synth 8-3332] Sequential element (\pc/addr_reg_rep[26] ) is unused and will be removed from module SingleCPU.
WARNING: [Synth 8-3332] Sequential element (\pc/addr_reg_rep[25] ) is unused and will be removed from module SingleCPU.
WARNING: [Synth 8-3332] Sequential element (\pc/addr_reg_rep[24] ) is unused and will be removed from module SingleCPU.
WARNING: [Synth 8-3332] Sequential element (\pc/addr_reg_rep[23] ) is unused and will be removed from module SingleCPU.
WARNING: [Synth 8-3332] Sequential element (\pc/addr_reg_rep[22] ) is unused and will be removed from module SingleCPU.
WARNING: [Synth 8-3332] Sequential element (\pc/addr_reg_rep[21] ) is unused and will be removed from module SingleCPU.
WARNING: [Synth 8-3332] Sequential element (\pc/addr_reg_rep[20] ) is unused and will be removed from module SingleCPU.
WARNING: [Synth 8-3332] Sequential element (\pc/addr_reg_rep[19] ) is unused and will be removed from module SingleCPU.
WARNING: [Synth 8-3332] Sequential element (\pc/addr_reg_rep[18] ) is unused and will be removed from module SingleCPU.
WARNING: [Synth 8-3332] Sequential element (\pc/addr_reg_rep[17] ) is unused and will be removed from module SingleCPU.
WARNING: [Synth 8-3332] Sequential element (\pc/addr_reg_rep[16] ) is unused and will be removed from module SingleCPU.
WARNING: [Synth 8-3332] Sequential element (\pc/addr_reg_rep[15] ) is unused and will be removed from module SingleCPU.
WARNING: [Synth 8-3332] Sequential element (\pc/addr_reg_rep[14] ) is unused and will be removed from module SingleCPU.
WARNING: [Synth 8-3332] Sequential element (\pc/addr_reg_rep[13] ) is unused and will be removed from module SingleCPU.
WARNING: [Synth 8-3332] Sequential element (\pc/addr_reg_rep[12] ) is unused and will be removed from module SingleCPU.
WARNING: [Synth 8-3332] Sequential element (\pc/addr_reg_rep[11] ) is unused and will be removed from module SingleCPU.
WARNING: [Synth 8-3332] Sequential element (\pc/addr_reg_rep[10] ) is unused and will be removed from module SingleCPU.
WARNING: [Synth 8-3332] Sequential element (\pc/addr_reg_rep[9] ) is unused and will be removed from module SingleCPU.
WARNING: [Synth 8-3332] Sequential element (\pc/addr_reg_rep[8] ) is unused and will be removed from module SingleCPU.
WARNING: [Synth 8-3332] Sequential element (\pc/addr_reg_rep[7] ) is unused and will be removed from module SingleCPU.
WARNING: [Synth 8-3332] Sequential element (\pc/addr_reg_rep[0] ) is unused and will be removed from module SingleCPU.
WARNING: [Synth 8-3332] Sequential element (\pc/addr_reg[31] ) is unused and will be removed from module SingleCPU.
WARNING: [Synth 8-3332] Sequential element (\pc/addr_reg[30] ) is unused and will be removed from module SingleCPU.
WARNING: [Synth 8-3332] Sequential element (\pc/addr_reg[29] ) is unused and will be removed from module SingleCPU.
WARNING: [Synth 8-3332] Sequential element (\pc/addr_reg[28] ) is unused and will be removed from module SingleCPU.
WARNING: [Synth 8-3332] Sequential element (\pc/addr_reg[27] ) is unused and will be removed from module SingleCPU.
WARNING: [Synth 8-3332] Sequential element (\pc/addr_reg[26] ) is unused and will be removed from module SingleCPU.
WARNING: [Synth 8-3332] Sequential element (\pc/addr_reg[25] ) is unused and will be removed from module SingleCPU.
WARNING: [Synth 8-3332] Sequential element (\pc/addr_reg[24] ) is unused and will be removed from module SingleCPU.
WARNING: [Synth 8-3332] Sequential element (\pc/addr_reg[23] ) is unused and will be removed from module SingleCPU.
WARNING: [Synth 8-3332] Sequential element (\pc/addr_reg[22] ) is unused and will be removed from module SingleCPU.
WARNING: [Synth 8-3332] Sequential element (\pc/addr_reg[21] ) is unused and will be removed from module SingleCPU.
WARNING: [Synth 8-3332] Sequential element (\pc/addr_reg[20] ) is unused and will be removed from module SingleCPU.
WARNING: [Synth 8-3332] Sequential element (\pc/addr_reg[19] ) is unused and will be removed from module SingleCPU.
WARNING: [Synth 8-3332] Sequential element (\pc/addr_reg[18] ) is unused and will be removed from module SingleCPU.
WARNING: [Synth 8-3332] Sequential element (\pc/addr_reg[17] ) is unused and will be removed from module SingleCPU.
WARNING: [Synth 8-3332] Sequential element (\pc/addr_reg[16] ) is unused and will be removed from module SingleCPU.
WARNING: [Synth 8-3332] Sequential element (\pc/addr_reg[15] ) is unused and will be removed from module SingleCPU.
WARNING: [Synth 8-3332] Sequential element (\pc/addr_reg[14] ) is unused and will be removed from module SingleCPU.
WARNING: [Synth 8-3332] Sequential element (\pc/addr_reg[13] ) is unused and will be removed from module SingleCPU.
WARNING: [Synth 8-3332] Sequential element (\pc/addr_reg[12] ) is unused and will be removed from module SingleCPU.
WARNING: [Synth 8-3332] Sequential element (\pc/addr_reg[11] ) is unused and will be removed from module SingleCPU.
WARNING: [Synth 8-3332] Sequential element (\pc/addr_reg[10] ) is unused and will be removed from module SingleCPU.
WARNING: [Synth 8-3332] Sequential element (\pc/addr_reg[9] ) is unused and will be removed from module SingleCPU.
WARNING: [Synth 8-3332] Sequential element (\pc/addr_reg[8] ) is unused and will be removed from module SingleCPU.
WARNING: [Synth 8-3332] Sequential element (\pc/addr_reg[0] ) is unused and will be removed from module SingleCPU.
---------------------------------------------------------------------------------
Finished Area Optimization : Time (s): cpu = 00:00:34 ; elapsed = 00:00:42 . Memory (MB): peak = 612.594 ; gain = 440.570
---------------------------------------------------------------------------------
Finished Parallel Area Optimization  : Time (s): cpu = 00:00:34 ; elapsed = 00:00:42 . Memory (MB): peak = 612.594 ; gain = 440.570

Report RTL Partitions: 
+-+--------------+------------+----------+
| |RTL Partition |Replication |Instances |
+-+--------------+------------+----------+
+-+--------------+------------+----------+
---------------------------------------------------------------------------------
Start Timing Optimization
---------------------------------------------------------------------------------
---------------------------------------------------------------------------------
Start Applying XDC Timing Constraints
---------------------------------------------------------------------------------
---------------------------------------------------------------------------------
Finished Applying XDC Timing Constraints : Time (s): cpu = 00:00:53 ; elapsed = 00:01:02 . Memory (MB): peak = 625.570 ; gain = 453.547
---------------------------------------------------------------------------------
---------------------------------------------------------------------------------
Finished Timing Optimization : Time (s): cpu = 00:00:54 ; elapsed = 00:01:02 . Memory (MB): peak = 627.531 ; gain = 455.508
---------------------------------------------------------------------------------
Finished Parallel Timing Optimization  : Time (s): cpu = 00:00:54 ; elapsed = 00:01:02 . Memory (MB): peak = 627.531 ; gain = 455.508

Report RTL Partitions: 
+-+--------------+------------+----------+
| |RTL Partition |Replication |Instances |
+-+--------------+------------+----------+
+-+--------------+------------+----------+
Finished Parallel Synthesis Optimization  : Time (s): cpu = 00:00:54 ; elapsed = 00:01:02 . Memory (MB): peak = 627.531 ; gain = 455.508
---------------------------------------------------------------------------------
Start Technology Mapping
---------------------------------------------------------------------------------
WARNING: [Synth 8-3332] Sequential element (\show/show1_reg[7] ) is unused and will be removed from module SingleCPU.
WARNING: [Synth 8-3332] Sequential element (\show/show1_reg[6] ) is unused and will be removed from module SingleCPU.
WARNING: [Synth 8-3332] Sequential element (\show/show1_reg[5] ) is unused and will be removed from module SingleCPU.
WARNING: [Synth 8-3332] Sequential element (\show/show1_reg[4] ) is unused and will be removed from module SingleCPU.
WARNING: [Synth 8-3332] Sequential element (\show/show1_reg[3] ) is unused and will be removed from module SingleCPU.
WARNING: [Synth 8-3332] Sequential element (\show/show1_reg[2] ) is unused and will be removed from module SingleCPU.
WARNING: [Synth 8-3332] Sequential element (\show/show1_reg[1] ) is unused and will be removed from module SingleCPU.
WARNING: [Synth 8-3332] Sequential element (\show/show1_reg[0] ) is unused and will be removed from module SingleCPU.
WARNING: [Synth 8-3332] Sequential element (\show/show2_reg[7] ) is unused and will be removed from module SingleCPU.
WARNING: [Synth 8-3332] Sequential element (\show/show2_reg[6] ) is unused and will be removed from module SingleCPU.
WARNING: [Synth 8-3332] Sequential element (\show/show2_reg[5] ) is unused and will be removed from module SingleCPU.
WARNING: [Synth 8-3332] Sequential element (\show/show2_reg[4] ) is unused and will be removed from module SingleCPU.
WARNING: [Synth 8-3332] Sequential element (\show/show2_reg[3] ) is unused and will be removed from module SingleCPU.
WARNING: [Synth 8-3332] Sequential element (\show/show2_reg[2] ) is unused and will be removed from module SingleCPU.
WARNING: [Synth 8-3332] Sequential element (\show/show2_reg[1] ) is unused and will be removed from module SingleCPU.
WARNING: [Synth 8-3332] Sequential element (\show/show2_reg[0] ) is unused and will be removed from module SingleCPU.
---------------------------------------------------------------------------------
Finished Technology Mapping : Time (s): cpu = 00:00:56 ; elapsed = 00:01:04 . Memory (MB): peak = 671.645 ; gain = 499.621
---------------------------------------------------------------------------------

Report RTL Partitions: 
+-+--------------+------------+----------+
| |RTL Partition |Replication |Instances |
+-+--------------+------------+----------+
+-+--------------+------------+----------+
---------------------------------------------------------------------------------
Start IO Insertion
---------------------------------------------------------------------------------
---------------------------------------------------------------------------------
Start Flattening Before IO Insertion
---------------------------------------------------------------------------------
---------------------------------------------------------------------------------
Finished Flattening Before IO Insertion
---------------------------------------------------------------------------------
---------------------------------------------------------------------------------
Start Final Netlist Cleanup
---------------------------------------------------------------------------------
---------------------------------------------------------------------------------
Finished Final Netlist Cleanup
---------------------------------------------------------------------------------
---------------------------------------------------------------------------------
Finished IO Insertion : Time (s): cpu = 00:00:57 ; elapsed = 00:01:06 . Memory (MB): peak = 671.645 ; gain = 499.621
---------------------------------------------------------------------------------

Report Check Netlist: 
+------+------------------+-------+---------+-------+------------------+
|      |Item              |Errors |Warnings |Status |Description       |
+------+------------------+-------+---------+-------+------------------+
|1     |multi_driven_nets |      0|        0|Passed |Multi driven nets |
+------+------------------+-------+---------+-------+------------------+
---------------------------------------------------------------------------------
Start Renaming Generated Instances
---------------------------------------------------------------------------------
---------------------------------------------------------------------------------
Finished Renaming Generated Instances : Time (s): cpu = 00:00:57 ; elapsed = 00:01:06 . Memory (MB): peak = 671.645 ; gain = 499.621
---------------------------------------------------------------------------------

Report RTL Partitions: 
+-+--------------+------------+----------+
| |RTL Partition |Replication |Instances |
+-+--------------+------------+----------+
+-+--------------+------------+----------+
---------------------------------------------------------------------------------
Start Rebuilding User Hierarchy
---------------------------------------------------------------------------------
---------------------------------------------------------------------------------
Finished Rebuilding User Hierarchy : Time (s): cpu = 00:00:57 ; elapsed = 00:01:06 . Memory (MB): peak = 671.645 ; gain = 499.621
---------------------------------------------------------------------------------
---------------------------------------------------------------------------------
Start Renaming Generated Ports
---------------------------------------------------------------------------------
---------------------------------------------------------------------------------
Finished Renaming Generated Ports : Time (s): cpu = 00:00:58 ; elapsed = 00:01:06 . Memory (MB): peak = 671.645 ; gain = 499.621
---------------------------------------------------------------------------------
---------------------------------------------------------------------------------
Start Handling Custom Attributes
---------------------------------------------------------------------------------
---------------------------------------------------------------------------------
Finished Handling Custom Attributes : Time (s): cpu = 00:00:58 ; elapsed = 00:01:07 . Memory (MB): peak = 671.645 ; gain = 499.621
---------------------------------------------------------------------------------
---------------------------------------------------------------------------------
Start Renaming Generated Nets
---------------------------------------------------------------------------------
---------------------------------------------------------------------------------
Finished Renaming Generated Nets : Time (s): cpu = 00:00:58 ; elapsed = 00:01:07 . Memory (MB): peak = 671.645 ; gain = 499.621
---------------------------------------------------------------------------------
---------------------------------------------------------------------------------
Start Writing Synthesis Report
---------------------------------------------------------------------------------

Report BlackBoxes: 
+-+--------------+----------+
| |BlackBox name |Instances |
+-+--------------+----------+
+-+--------------+----------+

Report Cell Usage: 
+------+-------+------+
|      |Cell   |Count |
+------+-------+------+
|1     |BUFG   |     2|
|2     |CARRY4 |    31|
|3     |LUT1   |    39|
|4     |LUT2   |   117|
|5     |LUT3   |   154|
|6     |LUT4   |    36|
|7     |LUT5   |   797|
|8     |LUT6   |  1520|
|9     |MUXF7  |   100|
|10    |MUXF8  |    24|
|11    |RAM32M |    12|
|12    |FDRE   |   532|
|13    |LD     |    21|
|14    |IBUF   |     5|
|15    |OBUF   |    12|
+------+-------+------+

Report Instance Areas: 
+------+----------+-------------+------+
|      |Instance  |Module       |Cells |
+------+----------+-------------+------+
|1     |top       |             |  3402|
|2     |  alu     |ALU          |    47|
|3     |  cu      |ControlUnit1 |  1548|
|4     |  div     |clock_div    |    66|
|5     |  dm      |Datamemory   |  1254|
|6     |  fs      |fnshow       |     7|
|7     |  miao    |shaomiao     |     6|
|8     |  pc      |PC           |   318|
|9     |  regfile |regFILE      |   136|
+------+----------+-------------+------+
---------------------------------------------------------------------------------
Finished Writing Synthesis Report : Time (s): cpu = 00:00:58 ; elapsed = 00:01:07 . Memory (MB): peak = 671.645 ; gain = 499.621
---------------------------------------------------------------------------------
Synthesis finished with 0 errors, 0 critical warnings and 84 warnings.
Synthesis Optimization Runtime : Time (s): cpu = 00:00:45 ; elapsed = 00:00:57 . Memory (MB): peak = 671.645 ; gain = 173.418
Synthesis Optimization Complete : Time (s): cpu = 00:00:58 ; elapsed = 00:01:07 . Memory (MB): peak = 671.645 ; gain = 499.621
INFO: [Project 1-571] Translating synthesized netlist
INFO: [Netlist 29-17] Analyzing 69 Unisim elements for replacement
INFO: [Netlist 29-28] Unisim Transformation completed in 0 CPU seconds
INFO: [Project 1-570] Preparing netlist for logic optimization
INFO: [Opt 31-138] Pushed 3 inverter(s) to 504 load pin(s).
INFO: [Project 1-111] Unisim Transformation Summary:
  A total of 33 instances were transformed.
  LD => LDCE: 21 instances
  RAM32M => RAM32M (inverted pins: WCLK) (RAMD32, RAMD32, RAMD32, RAMD32, RAMD32, RAMD32, RAMS32, RAMS32): 12 instances

INFO: [Common 17-83] Releasing license: Synthesis
51 Infos, 98 Warnings, 0 Critical Warnings and 0 Errors encountered.
synth_design completed successfully
synth_design: Time (s): cpu = 00:00:59 ; elapsed = 00:01:06 . Memory (MB): peak = 671.645 ; gain = 466.324
report_utilization: Time (s): cpu = 00:00:00 ; elapsed = 00:00:00.054 . Memory (MB): peak = 671.645 ; gain = 0.000
INFO: [Common 17-206] Exiting Vivado at Mon May 28 11:21:02 2018...
